<?xml version="1.0" encoding="UTF-8"?>
<testng-results skipped="0" failed="0" ignored="0" total="1" passed="1">
  <reporter-output>
    <line>
      <![CDATA[<div "result">I navigate to Orange HRM page (PASSED : 0s)</div>]]>
    </line>
    <line>
      <![CDATA[<div "result">I log in with admin credential (PASSED : 1s)</div>]]>
    </line>
    <line>
      <![CDATA[<div "result">I should be able to see my user info on the right side of the screen. (PASSED : 0s)</div>]]>
    </line>
    <line>
      <![CDATA[<div "result">I should be able to click on Admin and navigate to &#x27;Job&#x27; page (PASSED : 1s)</div>]]>
    </line>
    <line>
      <![CDATA[<div "result">I should be able to add a job title by clicking on &#x27;Add&#x27; button (PASSED : 1s)</div>]]>
    </line>
    <line>
      <![CDATA[<div "result">I should see the new job title get created on the page (PASSED : 0s)</div>]]>
    </line>
  </reporter-output>
  <suite name="Default suite" duration-ms="11084" started-at="2018-03-20T00:07:01Z" finished-at="2018-03-20T00:07:12Z">
    <groups>
      <group name="cucumber">
        <method signature="AbstractTestNGCucumberTests.runScenario(cucumber.api.testng.PickleEventWrapper, cucumber.api.testng.CucumberFeatureWrapper)[pri:0, instance:stepDefinitionPackage.stepDefinition@72d818d1]" name="runScenario" class="cucumber.api.testng.AbstractTestNGCucumberTests"/>
      </group> <!-- cucumber -->
    </groups>
    <test name="Default test" duration-ms="11084" started-at="2018-03-20T00:07:01Z" finished-at="2018-03-20T00:07:12Z">
      <class name="stepDefinitionPackage.stepDefinition">
        <test-method status="PASS" signature="setUp()[pri:0, instance:stepDefinitionPackage.stepDefinition@72d818d1]" name="setUp" is-config="true" duration-ms="5283" started-at="2018-03-20T00:07:01Z" finished-at="2018-03-20T00:07:06Z">
          <reporter-output>
          </reporter-output>
        </test-method> <!-- setUp -->
        <test-method status="PASS" signature="setUpClass()[pri:0, instance:stepDefinitionPackage.stepDefinition@72d818d1]" name="setUpClass" is-config="true" duration-ms="314" started-at="2018-03-20T00:07:06Z" finished-at="2018-03-20T00:07:06Z">
          <reporter-output>
          </reporter-output>
        </test-method> <!-- setUpClass -->
        <test-method status="PASS" signature="runScenario(cucumber.api.testng.PickleEventWrapper, cucumber.api.testng.CucumberFeatureWrapper)[pri:0, instance:stepDefinitionPackage.stepDefinition@72d818d1]" name="runScenario" duration-ms="5316" started-at="2018-03-20T00:07:07Z" description="Runs Cucumber Scenarios" data-provider="scenarios" finished-at="2018-03-20T00:07:12Z">
          <params>
            <param index="0">
              <value>
                <![CDATA["As an Admin user for OrangeHRM, I should be able to log in to OrangeHRM and add a job title by going to Admin page and then click on Job page."]]>
              </value>
            </param>
            <param index="1">
              <value>
                <![CDATA["This is a feature for OrangeHRM"]]>
              </value>
            </param>
          </params>
          <reporter-output>
            <line>
              <![CDATA[<div "result">I navigate to Orange HRM page (PASSED : 0s)</div>]]>
            </line>
            <line>
              <![CDATA[<div "result">I log in with admin credential (PASSED : 1s)</div>]]>
            </line>
            <line>
              <![CDATA[<div "result">I should be able to see my user info on the right side of the screen. (PASSED : 0s)</div>]]>
            </line>
            <line>
              <![CDATA[<div "result">I should be able to click on Admin and navigate to &#x27;Job&#x27; page (PASSED : 1s)</div>]]>
            </line>
            <line>
              <![CDATA[<div "result">I should be able to add a job title by clicking on &#x27;Add&#x27; button (PASSED : 1s)</div>]]>
            </line>
            <line>
              <![CDATA[<div "result">I should see the new job title get created on the page (PASSED : 0s)</div>]]>
            </line>
          </reporter-output>
        </test-method> <!-- runScenario -->
        <test-method status="PASS" signature="tearDownClass()[pri:0, instance:stepDefinitionPackage.stepDefinition@72d818d1]" name="tearDownClass" is-config="true" duration-ms="0" started-at="2018-03-20T00:07:12Z" finished-at="2018-03-20T00:07:12Z">
          <reporter-output>
          </reporter-output>
        </test-method> <!-- tearDownClass -->
      </class> <!-- stepDefinitionPackage.stepDefinition -->
    </test> <!-- Default test -->
  </suite> <!-- Default suite -->
</testng-results>
